"B,17,Luchezar,Ivanov"
"A,24,Petar,Petrov"
"B,18,Lubomir,Kiprov"
"B,19,Martin,Angelov"
"B,6,Valentin,Stoyanov"
"A,22,Pavel,Kostadinov"
"A,14,Ignat,Georgiev"
"A,17,Martin,Dimitrov"
"B,23,Petar,Georgiev"
"B,6,Valentin,Stoyanov"
"B,20,Martin,Stanchev"
"B,23,Petar,Georgiev"
"B,03,Bojidar,Valchovski"
"B,16,Konstantin,Todorov"
"A,16,Kristiana,Ivanova"
"A,22,Pavel,Kostadinov"
"B,05,Borislav,Mihaylov"
"A,21,Nikolay,Danailov"
"A,27,Hristiyan,Zahariev"
"B,09,Georgi,Stoilov"
"B,29,Julian,Stoev"
"B,13,Ivaylo,Arnaudov"
"B,02,Atanas,Chompolov"
"B,08,Vanessa,Stoynova"
"B,02,Atanas,Chompolov"
"B,18,Lubomir,Kiprov"
"B,17,Luchezar,Ivanov"
"B,17,Luchezar,Ivanov"
"A,27,Hristiyan,Zahariev"
"A,21,Nikolay,Danailov"
"B,03,Bojidar,Valchovski"
"B,22,Nikolay,Karagyozov"
"B,11,Emil,Karbanov"
"B,26,Plamen,Neshkov"
"B,14,Ivo,Gerginov"
"B,20,Martin,Stanchev"
"B,28,Toma,Marinov"
"A,28,Hristo,Ezekiev"
"B,26,Plamen,Neshkov"
"A,10,Daniel,Kirov"
"B,05,Borislav,Mihaylov"
"B,22,Petar,Tsankov"
"B,27,Radostin,Angelov"
"B,21,Martin,Galabov"
"A,10,Daniel,Kirov"
"B,19,Martin,Angelov"
"B,04,Bojidar,Zahov"
"B,18,Lubomir,Kiprov"
"B,17,Luchezar,Ivanov"
"A,16,Kristiana,Ivanova"
"A,24,Petar,Petrov"
"A,23,Petko,Georgiev"
"B,14,Ivo,Gerginov"
"B,15,Yordan,Yankulov"
"B,21,Martin,Galabov"
"B,08,Vanessa,Stoynova"
"B,29,Julian,Stoev"
"B,11,Emil,Karbanov"
"B,22,Nikolay,Karagyozov"
"B,12,Emiliyan,Gospodinov"
"B,09,Georgi,Stoilov"
"A,17,Martin,Dimitrov"
"B,16,Konstantin,Todorov"
"B,28,Toma,Marinov"
"B,15,Yordan,Yankulov"
"A,5,Velin,Yavorski"
"B,12,Emiliyan,Gospodinov"
"B,27,Radostin,Angelov"
"B,13,Ivaylo,Arnaudov"
"A,28,Hristo,Ezekiev"
"A,5,Velin,Yavorski"
"B,04,Bojidar,Zahov"
"B,18,Lubomir,Kiprov"
"A,23,Petko,Georgiev"
"B,22,Petar,Tsankov"
"A,14,Ignat,Georgiev"
"A,10,Daniel,Kirov"
